rm -rf ../exec_output/selection_sort.o
g++ -g -Wall -O3   -I ../Max_Heap/include  -I ../Linked_List/include selection_sort.cpp -o ../exec_output/selection_sort.o
../exec_output/selection_sort.o
---before SelectionSort---
S = [275, 114, 823, 746, 163, 890, 413, 896, 192, 507]
---after SelectionSort---
S = [114, 163, 192, 275, 413, 507, 746, 823, 890, 896]
rm -rf ../exec_output/insertion_sort.o
g++ -g -Wall -O3   -I ../Max_Heap/include  -I ../Linked_List/include insertion_sort.cpp -o ../exec_output/insertion_sort.o
../exec_output/insertion_sort.o
---before InsertionSort---
S = [917, 219, 518, 151, 568, 63, 278, 891, 953, 439]
---after InsertionSort---
S = [63, 151, 219, 278, 439, 518, 568, 891, 917, 953]
rm -rf ../exec_output/quick_sort.o
g++ -g -Wall -O3   -I ../Max_Heap/include  -I ../Linked_List/include quick_sort.cpp -o ../exec_output/quick_sort.o
../exec_output/quick_sort.o
---before QuickSort---
S = [370, 70, 441, 994, 253, 306, 504, 332, 271, 221]
---after QuickSort---
S = [70, 221, 253, 271, 306, 332, 370, 441, 504, 994]
rm -rf ../exec_output/merge_sort2.o
g++ -g -Wall -O3   -I ../Max_Heap/include  -I ../Linked_List/include merge_sort2.cpp -o ../exec_output/merge_sort2.o
../exec_output/merge_sort2.o
---before MergeSort2---
S = [61, 195, 661, 449, 527, 974, 378, 910, 295, 382]
---after MergeSort2---
S = [61, 195, 295, 378, 382, 449, 527, 661, 910, 974]
rm -rf ../exec_output/merge_sort.o
g++ -g -Wall -O3   -I ../Max_Heap/include  -I ../Linked_List/include merge_sort.cpp -o ../exec_output/merge_sort.o
../exec_output/merge_sort.o
---before MergeSort---
S = [351, 157, 531, 155, 608, 871, 687, 300, 965, 49]
---after MergeSort---
S = [49, 155, 157, 300, 351, 531, 608, 687, 871, 965]
rm -rf ../exec_output/heap_sort_main.o
g++ -g -Wall -O3  -c heap_sort.cpp  -I ../Max_Heap/include  -I ../Linked_List/include -o ../exec_output/heap_sort.o
/usr/local/bin/ctags -R ./*
/usr/local/bin/ctags -a ../Max_Heap/* -a ../Max_Heap/include/* -a ../Linked_List/* -a ../Linked_List/include/*
g++ -g -Wall -O3   -I ../Max_Heap/include  -I ../Linked_List/include heap_sort_main.cpp ../exec_output/heap_sort.o -o ../exec_output/heap_sort_main.o
../exec_output/heap_sort_main.o
---H.S initialize---
H.S = [0, 0, 0, 0, 0, 0, 0, 0, 0, 0]
---before HeapSort---
H.S = [908, 847, 791, 430, 443, 808, 712, 907, 32, 959]
---after HeapSort---
H.S = [32, 430, 443, 712, 791, 808, 847, 907, 908, 959]
rm -rf ../exec_output/linked_list.o
rm -rf ../exec_output/counting_sort.o
g++ -g -Wall -O3  -c ../Linked_List/linked_list.cpp  -I ../Max_Heap/include  -I ../Linked_List/include -o ../exec_output/linked_list.o
/usr/local/bin/ctags -R ./*
/usr/local/bin/ctags -a ../Max_Heap/* -a ../Max_Heap/include/* -a ../Linked_List/* -a ../Linked_List/include/*
g++ -g -Wall -O3  counting_sort.cpp ../exec_output/linked_list.o  -I ../Max_Heap/include  -I ../Linked_List/include -o ../exec_output/counting_sort.o
../exec_output/counting_sort.o
---before CountingSort---
S = [859, 164, 219, 860, 976, 199, 576, 763, 10, 870]
It is LinkedList destructor.
It is LinkedList destructor.
It is LinkedList destructor.
It is LinkedList destructor.
It is LinkedList destructor.
It is LinkedList destructor.
It is LinkedList destructor.
It is LinkedList destructor.
It is LinkedList destructor.
It is LinkedList destructor.
It is LinkedList destructor.
It is LinkedList destructor.
It is LinkedList destructor.
It is LinkedList destructor.
It is LinkedList destructor.
It is LinkedList destructor.
It is LinkedList destructor.
It is LinkedList destructor.
It is LinkedList destructor.
It is LinkedList destructor.
It is LinkedList destructor.
It is LinkedList destructor.
It is LinkedList destructor.
It is LinkedList destructor.
It is LinkedList destructor.
It is LinkedList destructor.
It is LinkedList destructor.
It is LinkedList destructor.
It is LinkedList destructor.
It is LinkedList destructor.
It is LinkedList destructor.
It is LinkedList destructor.
It is LinkedList destructor.
It is LinkedList destructor.
It is LinkedList destructor.
It is LinkedList destructor.
It is LinkedList destructor.
It is LinkedList destructor.
It is LinkedList destructor.
It is LinkedList destructor.
It is LinkedList destructor.
It is LinkedList destructor.
It is LinkedList destructor.
It is LinkedList destructor.
It is LinkedList destructor.
It is LinkedList destructor.
It is LinkedList destructor.
It is LinkedList destructor.
It is LinkedList destructor.
It is LinkedList destructor.
It is LinkedList destructor.
It is LinkedList destructor.
It is LinkedList destructor.
It is LinkedList destructor.
It is LinkedList destructor.
It is LinkedList destructor.
It is LinkedList destructor.
It is LinkedList destructor.
It is LinkedList destructor.
It is LinkedList destructor.
It is LinkedList destructor.
It is LinkedList destructor.
It is LinkedList destructor.
It is LinkedList destructor.
It is LinkedList destructor.
It is LinkedList destructor.
It is LinkedList destructor.
It is LinkedList destructor.
It is LinkedList destructor.
It is LinkedList destructor.
It is LinkedList destructor.
It is LinkedList destructor.
It is LinkedList destructor.
It is LinkedList destructor.
It is LinkedList destructor.
It is LinkedList destructor.
It is LinkedList destructor.
It is LinkedList destructor.
It is LinkedList destructor.
It is LinkedList destructor.
It is LinkedList destructor.
It is LinkedList destructor.
It is LinkedList destructor.
It is LinkedList destructor.
It is LinkedList destructor.
It is LinkedList destructor.
It is LinkedList destructor.
It is LinkedList destructor.
It is LinkedList destructor.
It is LinkedList destructor.
It is LinkedList destructor.
It is LinkedList destructor.
It is LinkedList destructor.
It is LinkedList destructor.
It is LinkedList destructor.
It is LinkedList destructor.
It is LinkedList destructor.
It is LinkedList destructor.
It is LinkedList destructor.
It is LinkedList destructor.
It is LinkedList destructor.
It is LinkedList destructor.
It is LinkedList destructor.
It is LinkedList destructor.
It is LinkedList destructor.
It is LinkedList destructor.
It is LinkedList destructor.
It is LinkedList destructor.
It is LinkedList destructor.
It is LinkedList destructor.
It is LinkedList destructor.
It is LinkedList destructor.
It is LinkedList destructor.
It is LinkedList destructor.
It is LinkedList destructor.
It is LinkedList destructor.
It is LinkedList destructor.
It is LinkedList destructor.
It is LinkedList destructor.
It is LinkedList destructor.
It is LinkedList destructor.
It is LinkedList destructor.
It is LinkedList destructor.
It is LinkedList destructor.
It is LinkedList destructor.
It is LinkedList destructor.
It is LinkedList destructor.
It is LinkedList destructor.
It is LinkedList destructor.
It is LinkedList destructor.
It is LinkedList destructor.
It is LinkedList destructor.
It is LinkedList destructor.
It is LinkedList destructor.
It is LinkedList destructor.
It is LinkedList destructor.
It is LinkedList destructor.
It is LinkedList destructor.
It is LinkedList destructor.
It is LinkedList destructor.
It is LinkedList destructor.
It is LinkedList destructor.
It is LinkedList destructor.
It is LinkedList destructor.
It is LinkedList destructor.
It is LinkedList destructor.
It is LinkedList destructor.
It is LinkedList destructor.
It is LinkedList destructor.
It is LinkedList destructor.
It is LinkedList destructor.
It is LinkedList destructor.
It is LinkedList destructor.
It is LinkedList destructor.
It is LinkedList destructor.
It is LinkedList destructor.
It is LinkedList destructor.
It is LinkedList destructor.
It is LinkedList destructor.
It is LinkedList destructor.
It is LinkedList destructor.
It is LinkedList destructor.
It is LinkedList destructor.
It is LinkedList destructor.
It is LinkedList destructor.
It is LinkedList destructor.
It is LinkedList destructor.
It is LinkedList destructor.
It is LinkedList destructor.
It is LinkedList destructor.
It is LinkedList destructor.
It is LinkedList destructor.
It is LinkedList destructor.
It is LinkedList destructor.
It is LinkedList destructor.
It is LinkedList destructor.
It is LinkedList destructor.
It is LinkedList destructor.
It is LinkedList destructor.
It is LinkedList destructor.
It is LinkedList destructor.
It is LinkedList destructor.
It is LinkedList destructor.
It is LinkedList destructor.
It is LinkedList destructor.
It is LinkedList destructor.
It is LinkedList destructor.
It is LinkedList destructor.
It is LinkedList destructor.
It is LinkedList destructor.
It is LinkedList destructor.
It is LinkedList destructor.
It is LinkedList destructor.
It is LinkedList destructor.
It is LinkedList destructor.
It is LinkedList destructor.
It is LinkedList destructor.
It is LinkedList destructor.
It is LinkedList destructor.
It is LinkedList destructor.
It is LinkedList destructor.
It is LinkedList destructor.
It is LinkedList destructor.
It is LinkedList destructor.
It is LinkedList destructor.
It is LinkedList destructor.
It is LinkedList destructor.
It is LinkedList destructor.
It is LinkedList destructor.
It is LinkedList destructor.
It is LinkedList destructor.
It is LinkedList destructor.
It is LinkedList destructor.
It is LinkedList destructor.
It is LinkedList destructor.
It is LinkedList destructor.
It is LinkedList destructor.
It is LinkedList destructor.
It is LinkedList destructor.
It is LinkedList destructor.
It is LinkedList destructor.
It is LinkedList destructor.
It is LinkedList destructor.
It is LinkedList destructor.
It is LinkedList destructor.
It is LinkedList destructor.
It is LinkedList destructor.
It is LinkedList destructor.
It is LinkedList destructor.
It is LinkedList destructor.
It is LinkedList destructor.
It is LinkedList destructor.
It is LinkedList destructor.
It is LinkedList destructor.
It is LinkedList destructor.
It is LinkedList destructor.
It is LinkedList destructor.
It is LinkedList destructor.
It is LinkedList destructor.
It is LinkedList destructor.
It is LinkedList destructor.
It is LinkedList destructor.
It is LinkedList destructor.
It is LinkedList destructor.
It is LinkedList destructor.
It is LinkedList destructor.
It is LinkedList destructor.
It is LinkedList destructor.
It is LinkedList destructor.
It is LinkedList destructor.
It is LinkedList destructor.
It is LinkedList destructor.
It is LinkedList destructor.
It is LinkedList destructor.
It is LinkedList destructor.
It is LinkedList destructor.
It is LinkedList destructor.
It is LinkedList destructor.
It is LinkedList destructor.
It is LinkedList destructor.
It is LinkedList destructor.
It is LinkedList destructor.
It is LinkedList destructor.
It is LinkedList destructor.
It is LinkedList destructor.
It is LinkedList destructor.
It is LinkedList destructor.
It is LinkedList destructor.
It is LinkedList destructor.
It is LinkedList destructor.
It is LinkedList destructor.
It is LinkedList destructor.
It is LinkedList destructor.
It is LinkedList destructor.
It is LinkedList destructor.
It is LinkedList destructor.
It is LinkedList destructor.
It is LinkedList destructor.
It is LinkedList destructor.
It is LinkedList destructor.
It is LinkedList destructor.
It is LinkedList destructor.
It is LinkedList destructor.
It is LinkedList destructor.
It is LinkedList destructor.
It is LinkedList destructor.
It is LinkedList destructor.
It is LinkedList destructor.
It is LinkedList destructor.
It is LinkedList destructor.
It is LinkedList destructor.
It is LinkedList destructor.
It is LinkedList destructor.
It is LinkedList destructor.
It is LinkedList destructor.
It is LinkedList destructor.
It is LinkedList destructor.
It is LinkedList destructor.
It is LinkedList destructor.
It is LinkedList destructor.
It is LinkedList destructor.
It is LinkedList destructor.
It is LinkedList destructor.
It is LinkedList destructor.
It is LinkedList destructor.
It is LinkedList destructor.
It is LinkedList destructor.
It is LinkedList destructor.
It is LinkedList destructor.
It is LinkedList destructor.
It is LinkedList destructor.
It is LinkedList destructor.
It is LinkedList destructor.
It is LinkedList destructor.
It is LinkedList destructor.
It is LinkedList destructor.
It is LinkedList destructor.
It is LinkedList destructor.
It is LinkedList destructor.
It is LinkedList destructor.
It is LinkedList destructor.
It is LinkedList destructor.
It is LinkedList destructor.
It is LinkedList destructor.
It is LinkedList destructor.
It is LinkedList destructor.
It is LinkedList destructor.
It is LinkedList destructor.
It is LinkedList destructor.
It is LinkedList destructor.
It is LinkedList destructor.
It is LinkedList destructor.
It is LinkedList destructor.
It is LinkedList destructor.
It is LinkedList destructor.
It is LinkedList destructor.
It is LinkedList destructor.
It is LinkedList destructor.
It is LinkedList destructor.
It is LinkedList destructor.
It is LinkedList destructor.
It is LinkedList destructor.
It is LinkedList destructor.
It is LinkedList destructor.
It is LinkedList destructor.
It is LinkedList destructor.
It is LinkedList destructor.
It is LinkedList destructor.
It is LinkedList destructor.
It is LinkedList destructor.
It is LinkedList destructor.
It is LinkedList destructor.
It is LinkedList destructor.
It is LinkedList destructor.
It is LinkedList destructor.
It is LinkedList destructor.
It is LinkedList destructor.
It is LinkedList destructor.
It is LinkedList destructor.
It is LinkedList destructor.
It is LinkedList destructor.
It is LinkedList destructor.
It is LinkedList destructor.
It is LinkedList destructor.
It is LinkedList destructor.
It is LinkedList destructor.
It is LinkedList destructor.
It is LinkedList destructor.
It is LinkedList destructor.
It is LinkedList destructor.
It is LinkedList destructor.
It is LinkedList destructor.
It is LinkedList destructor.
It is LinkedList destructor.
It is LinkedList destructor.
It is LinkedList destructor.
It is LinkedList destructor.
It is LinkedList destructor.
It is LinkedList destructor.
It is LinkedList destructor.
It is LinkedList destructor.
It is LinkedList destructor.
It is LinkedList destructor.
It is LinkedList destructor.
It is LinkedList destructor.
It is LinkedList destructor.
It is LinkedList destructor.
It is LinkedList destructor.
It is LinkedList destructor.
It is LinkedList destructor.
It is LinkedList destructor.
It is LinkedList destructor.
It is LinkedList destructor.
It is LinkedList destructor.
It is LinkedList destructor.
It is LinkedList destructor.
It is LinkedList destructor.
It is LinkedList destructor.
It is LinkedList destructor.
It is LinkedList destructor.
It is LinkedList destructor.
It is LinkedList destructor.
It is LinkedList destructor.
It is LinkedList destructor.
It is LinkedList destructor.
It is LinkedList destructor.
It is LinkedList destructor.
It is LinkedList destructor.
It is LinkedList destructor.
It is LinkedList destructor.
It is LinkedList destructor.
It is LinkedList destructor.
It is LinkedList destructor.
It is LinkedList destructor.
It is LinkedList destructor.
It is LinkedList destructor.
It is LinkedList destructor.
It is LinkedList destructor.
It is LinkedList destructor.
It is LinkedList destructor.
It is LinkedList destructor.
It is LinkedList destructor.
It is LinkedList destructor.
It is LinkedList destructor.
It is LinkedList destructor.
It is LinkedList destructor.
It is LinkedList destructor.
It is LinkedList destructor.
It is LinkedList destructor.
It is LinkedList destructor.
It is LinkedList destructor.
It is LinkedList destructor.
It is LinkedList destructor.
It is LinkedList destructor.
It is LinkedList destructor.
It is LinkedList destructor.
It is LinkedList destructor.
It is LinkedList destructor.
It is LinkedList destructor.
It is LinkedList destructor.
It is LinkedList destructor.
It is LinkedList destructor.
It is LinkedList destructor.
It is LinkedList destructor.
It is LinkedList destructor.
It is LinkedList destructor.
It is LinkedList destructor.
It is LinkedList destructor.
It is LinkedList destructor.
It is LinkedList destructor.
It is LinkedList destructor.
It is LinkedList destructor.
It is LinkedList destructor.
It is LinkedList destructor.
It is LinkedList destructor.
It is LinkedList destructor.
It is LinkedList destructor.
It is LinkedList destructor.
It is LinkedList destructor.
It is LinkedList destructor.
It is LinkedList destructor.
It is LinkedList destructor.
It is LinkedList destructor.
It is LinkedList destructor.
It is LinkedList destructor.
It is LinkedList destructor.
It is LinkedList destructor.
It is LinkedList destructor.
It is LinkedList destructor.
It is LinkedList destructor.
It is LinkedList destructor.
It is LinkedList destructor.
It is LinkedList destructor.
It is LinkedList destructor.
It is LinkedList destructor.
It is LinkedList destructor.
It is LinkedList destructor.
It is LinkedList destructor.
It is LinkedList destructor.
It is LinkedList destructor.
It is LinkedList destructor.
It is LinkedList destructor.
It is LinkedList destructor.
It is LinkedList destructor.
It is LinkedList destructor.
It is LinkedList destructor.
It is LinkedList destructor.
It is LinkedList destructor.
It is LinkedList destructor.
It is LinkedList destructor.
It is LinkedList destructor.
It is LinkedList destructor.
It is LinkedList destructor.
It is LinkedList destructor.
It is LinkedList destructor.
It is LinkedList destructor.
It is LinkedList destructor.
It is LinkedList destructor.
It is LinkedList destructor.
It is LinkedList destructor.
It is LinkedList destructor.
It is LinkedList destructor.
It is LinkedList destructor.
It is LinkedList destructor.
It is LinkedList destructor.
It is LinkedList destructor.
It is LinkedList destructor.
It is LinkedList destructor.
It is LinkedList destructor.
It is LinkedList destructor.
It is LinkedList destructor.
It is LinkedList destructor.
It is LinkedList destructor.
It is LinkedList destructor.
It is LinkedList destructor.
It is LinkedList destructor.
It is LinkedList destructor.
It is LinkedList destructor.
It is LinkedList destructor.
It is LinkedList destructor.
It is LinkedList destructor.
It is LinkedList destructor.
It is LinkedList destructor.
It is LinkedList destructor.
It is LinkedList destructor.
It is LinkedList destructor.
It is LinkedList destructor.
It is LinkedList destructor.
It is LinkedList destructor.
It is LinkedList destructor.
It is LinkedList destructor.
It is LinkedList destructor.
It is LinkedList destructor.
It is LinkedList destructor.
It is LinkedList destructor.
It is LinkedList destructor.
It is LinkedList destructor.
It is LinkedList destructor.
It is LinkedList destructor.
It is LinkedList destructor.
It is LinkedList destructor.
It is LinkedList destructor.
It is LinkedList destructor.
It is LinkedList destructor.
It is LinkedList destructor.
It is LinkedList destructor.
It is LinkedList destructor.
It is LinkedList destructor.
It is LinkedList destructor.
It is LinkedList destructor.
It is LinkedList destructor.
It is LinkedList destructor.
It is LinkedList destructor.
It is LinkedList destructor.
It is LinkedList destructor.
It is LinkedList destructor.
It is LinkedList destructor.
It is LinkedList destructor.
It is LinkedList destructor.
It is LinkedList destructor.
It is LinkedList destructor.
It is LinkedList destructor.
It is LinkedList destructor.
It is LinkedList destructor.
It is LinkedList destructor.
It is LinkedList destructor.
It is LinkedList destructor.
It is LinkedList destructor.
It is LinkedList destructor.
It is LinkedList destructor.
It is LinkedList destructor.
It is LinkedList destructor.
It is LinkedList destructor.
It is LinkedList destructor.
It is LinkedList destructor.
It is LinkedList destructor.
It is LinkedList destructor.
It is LinkedList destructor.
It is LinkedList destructor.
It is LinkedList destructor.
It is LinkedList destructor.
It is LinkedList destructor.
It is LinkedList destructor.
It is LinkedList destructor.
It is LinkedList destructor.
It is LinkedList destructor.
It is LinkedList destructor.
It is LinkedList destructor.
It is LinkedList destructor.
It is LinkedList destructor.
It is LinkedList destructor.
It is LinkedList destructor.
It is LinkedList destructor.
It is LinkedList destructor.
It is LinkedList destructor.
It is LinkedList destructor.
It is LinkedList destructor.
It is LinkedList destructor.
It is LinkedList destructor.
It is LinkedList destructor.
It is LinkedList destructor.
It is LinkedList destructor.
It is LinkedList destructor.
It is LinkedList destructor.
It is LinkedList destructor.
It is LinkedList destructor.
It is LinkedList destructor.
It is LinkedList destructor.
It is LinkedList destructor.
It is LinkedList destructor.
It is LinkedList destructor.
It is LinkedList destructor.
It is LinkedList destructor.
It is LinkedList destructor.
It is LinkedList destructor.
It is LinkedList destructor.
It is LinkedList destructor.
It is LinkedList destructor.
It is LinkedList destructor.
It is LinkedList destructor.
It is LinkedList destructor.
It is LinkedList destructor.
It is LinkedList destructor.
It is LinkedList destructor.
It is LinkedList destructor.
It is LinkedList destructor.
It is LinkedList destructor.
It is LinkedList destructor.
It is LinkedList destructor.
It is LinkedList destructor.
It is LinkedList destructor.
It is LinkedList destructor.
It is LinkedList destructor.
It is LinkedList destructor.
It is LinkedList destructor.
It is LinkedList destructor.
It is LinkedList destructor.
It is LinkedList destructor.
It is LinkedList destructor.
It is LinkedList destructor.
It is LinkedList destructor.
It is LinkedList destructor.
It is LinkedList destructor.
It is LinkedList destructor.
It is LinkedList destructor.
It is LinkedList destructor.
It is LinkedList destructor.
It is LinkedList destructor.
It is LinkedList destructor.
It is LinkedList destructor.
It is LinkedList destructor.
It is LinkedList destructor.
It is LinkedList destructor.
It is LinkedList destructor.
It is LinkedList destructor.
It is LinkedList destructor.
It is LinkedList destructor.
It is LinkedList destructor.
It is LinkedList destructor.
It is LinkedList destructor.
It is LinkedList destructor.
It is LinkedList destructor.
It is LinkedList destructor.
It is LinkedList destructor.
It is LinkedList destructor.
It is LinkedList destructor.
It is LinkedList destructor.
It is LinkedList destructor.
It is LinkedList destructor.
It is LinkedList destructor.
It is LinkedList destructor.
It is LinkedList destructor.
It is LinkedList destructor.
It is LinkedList destructor.
It is LinkedList destructor.
It is LinkedList destructor.
It is LinkedList destructor.
It is LinkedList destructor.
It is LinkedList destructor.
It is LinkedList destructor.
It is LinkedList destructor.
It is LinkedList destructor.
It is LinkedList destructor.
It is LinkedList destructor.
It is LinkedList destructor.
It is LinkedList destructor.
It is LinkedList destructor.
It is LinkedList destructor.
It is LinkedList destructor.
It is LinkedList destructor.
It is LinkedList destructor.
It is LinkedList destructor.
It is LinkedList destructor.
It is LinkedList destructor.
It is LinkedList destructor.
It is LinkedList destructor.
It is LinkedList destructor.
It is LinkedList destructor.
It is LinkedList destructor.
It is LinkedList destructor.
It is LinkedList destructor.
It is LinkedList destructor.
It is LinkedList destructor.
It is LinkedList destructor.
It is LinkedList destructor.
It is LinkedList destructor.
It is LinkedList destructor.
It is LinkedList destructor.
It is LinkedList destructor.
It is LinkedList destructor.
It is LinkedList destructor.
It is LinkedList destructor.
It is LinkedList destructor.
It is LinkedList destructor.
It is LinkedList destructor.
It is LinkedList destructor.
It is LinkedList destructor.
It is LinkedList destructor.
It is LinkedList destructor.
It is LinkedList destructor.
It is LinkedList destructor.
It is LinkedList destructor.
It is LinkedList destructor.
It is LinkedList destructor.
It is LinkedList destructor.
It is LinkedList destructor.
It is LinkedList destructor.
It is LinkedList destructor.
It is LinkedList destructor.
It is LinkedList destructor.
It is LinkedList destructor.
It is LinkedList destructor.
It is LinkedList destructor.
It is LinkedList destructor.
It is LinkedList destructor.
It is LinkedList destructor.
It is LinkedList destructor.
It is LinkedList destructor.
It is LinkedList destructor.
It is LinkedList destructor.
It is LinkedList destructor.
It is LinkedList destructor.
It is LinkedList destructor.
It is LinkedList destructor.
It is LinkedList destructor.
It is LinkedList destructor.
It is LinkedList destructor.
It is LinkedList destructor.
It is LinkedList destructor.
It is LinkedList destructor.
It is LinkedList destructor.
It is LinkedList destructor.
It is LinkedList destructor.
It is LinkedList destructor.
It is LinkedList destructor.
It is LinkedList destructor.
It is LinkedList destructor.
It is LinkedList destructor.
It is LinkedList destructor.
It is LinkedList destructor.
It is LinkedList destructor.
It is LinkedList destructor.
It is LinkedList destructor.
It is LinkedList destructor.
It is LinkedList destructor.
It is LinkedList destructor.
It is LinkedList destructor.
It is LinkedList destructor.
It is LinkedList destructor.
It is LinkedList destructor.
It is LinkedList destructor.
It is LinkedList destructor.
It is LinkedList destructor.
It is LinkedList destructor.
It is LinkedList destructor.
It is LinkedList destructor.
It is LinkedList destructor.
It is LinkedList destructor.
It is LinkedList destructor.
It is LinkedList destructor.
It is LinkedList destructor.
It is LinkedList destructor.
It is LinkedList destructor.
It is LinkedList destructor.
It is LinkedList destructor.
It is LinkedList destructor.
It is LinkedList destructor.
It is LinkedList destructor.
It is LinkedList destructor.
It is LinkedList destructor.
It is LinkedList destructor.
It is LinkedList destructor.
It is LinkedList destructor.
It is LinkedList destructor.
It is LinkedList destructor.
It is LinkedList destructor.
It is LinkedList destructor.
It is LinkedList destructor.
It is LinkedList destructor.
It is LinkedList destructor.
It is LinkedList destructor.
It is LinkedList destructor.
It is LinkedList destructor.
It is LinkedList destructor.
It is LinkedList destructor.
It is LinkedList destructor.
It is LinkedList destructor.
It is LinkedList destructor.
It is LinkedList destructor.
It is LinkedList destructor.
It is LinkedList destructor.
It is LinkedList destructor.
It is LinkedList destructor.
It is LinkedList destructor.
It is LinkedList destructor.
It is LinkedList destructor.
It is LinkedList destructor.
It is LinkedList destructor.
It is LinkedList destructor.
It is LinkedList destructor.
It is LinkedList destructor.
It is LinkedList destructor.
It is LinkedList destructor.
It is LinkedList destructor.
It is LinkedList destructor.
It is LinkedList destructor.
It is LinkedList destructor.
It is LinkedList destructor.
It is LinkedList destructor.
It is LinkedList destructor.
It is LinkedList destructor.
It is LinkedList destructor.
It is LinkedList destructor.
It is LinkedList destructor.
It is LinkedList destructor.
It is LinkedList destructor.
It is LinkedList destructor.
It is LinkedList destructor.
It is LinkedList destructor.
It is LinkedList destructor.
It is LinkedList destructor.
It is LinkedList destructor.
It is LinkedList destructor.
It is LinkedList destructor.
It is LinkedList destructor.
It is LinkedList destructor.
It is LinkedList destructor.
It is LinkedList destructor.
It is LinkedList destructor.
It is LinkedList destructor.
It is LinkedList destructor.
It is LinkedList destructor.
It is LinkedList destructor.
It is LinkedList destructor.
It is LinkedList destructor.
It is LinkedList destructor.
It is LinkedList destructor.
It is LinkedList destructor.
It is LinkedList destructor.
It is LinkedList destructor.
It is LinkedList destructor.
It is LinkedList destructor.
It is LinkedList destructor.
It is LinkedList destructor.
It is LinkedList destructor.
It is LinkedList destructor.
It is LinkedList destructor.
It is LinkedList destructor.
It is LinkedList destructor.
It is LinkedList destructor.
It is LinkedList destructor.
It is LinkedList destructor.
It is LinkedList destructor.
It is LinkedList destructor.
It is LinkedList destructor.
It is LinkedList destructor.
It is LinkedList destructor.
It is LinkedList destructor.
It is LinkedList destructor.
It is LinkedList destructor.
It is LinkedList destructor.
It is LinkedList destructor.
It is LinkedList destructor.
It is LinkedList destructor.
It is LinkedList destructor.
It is LinkedList destructor.
It is LinkedList destructor.
It is LinkedList destructor.
It is LinkedList destructor.
It is LinkedList destructor.
It is LinkedList destructor.
It is LinkedList destructor.
It is LinkedList destructor.
It is LinkedList destructor.
It is LinkedList destructor.
It is LinkedList destructor.
It is LinkedList destructor.
It is LinkedList destructor.
It is LinkedList destructor.
It is LinkedList destructor.
It is LinkedList destructor.
It is LinkedList destructor.
It is LinkedList destructor.
It is LinkedList destructor.
It is LinkedList destructor.
It is LinkedList destructor.
It is LinkedList destructor.
It is LinkedList destructor.
It is LinkedList destructor.
It is LinkedList destructor.
It is LinkedList destructor.
It is LinkedList destructor.
It is LinkedList destructor.
It is LinkedList destructor.
It is LinkedList destructor.
It is LinkedList destructor.
It is LinkedList destructor.
It is LinkedList destructor.
It is LinkedList destructor.
It is LinkedList destructor.
It is LinkedList destructor.
It is LinkedList destructor.
It is LinkedList destructor.
It is LinkedList destructor.
It is LinkedList destructor.
It is LinkedList destructor.
It is LinkedList destructor.
It is LinkedList destructor.
It is LinkedList destructor.
It is LinkedList destructor.
It is LinkedList destructor.
It is LinkedList destructor.
It is LinkedList destructor.
It is LinkedList destructor.
It is LinkedList destructor.
It is LinkedList destructor.
It is LinkedList destructor.
It is LinkedList destructor.
It is LinkedList destructor.
It is LinkedList destructor.
It is LinkedList destructor.
It is LinkedList destructor.
It is LinkedList destructor.
It is LinkedList destructor.
It is LinkedList destructor.
It is LinkedList destructor.
It is LinkedList destructor.
It is LinkedList destructor.
It is LinkedList destructor.
It is LinkedList destructor.
It is LinkedList destructor.
It is LinkedList destructor.
It is LinkedList destructor.
It is LinkedList destructor.
It is LinkedList destructor.
It is LinkedList destructor.
It is LinkedList destructor.
It is LinkedList destructor.
It is LinkedList destructor.
It is LinkedList destructor.
It is LinkedList destructor.
It is LinkedList destructor.
It is LinkedList destructor.
It is LinkedList destructor.
It is LinkedList destructor.
It is LinkedList destructor.
It is LinkedList destructor.
It is LinkedList destructor.
It is LinkedList destructor.
It is LinkedList destructor.
It is LinkedList destructor.
It is LinkedList destructor.
It is LinkedList destructor.
It is LinkedList destructor.
It is LinkedList destructor.
It is LinkedList destructor.
It is LinkedList destructor.
---after CountingSort---
S = [10, 164, 199, 219, 576, 763, 859, 860, 870, 976]
rm -rf ../exec_output/linked_list.o
rm -rf ../exec_output/radix_sort.o
g++ -g -Wall -O3  -c ../Linked_List/linked_list.cpp  -I ../Max_Heap/include  -I ../Linked_List/include -o ../exec_output/linked_list.o
/usr/local/bin/ctags -R ./*
/usr/local/bin/ctags -a ../Max_Heap/* -a ../Max_Heap/include/* -a ../Linked_List/* -a ../Linked_List/include/*
g++ -g -Wall -O3  radix_sort.cpp ../exec_output/linked_list.o  -I ../Max_Heap/include  -I ../Linked_List/include -o ../exec_output/radix_sort.o
../exec_output/radix_sort.o
---before RadixSort---
S = [608, 486, 666, 474, 552, 123, 231, 146, 506, 808]
It is LinkedList destructor.
It is LinkedList destructor.
It is LinkedList destructor.
It is LinkedList destructor.
It is LinkedList destructor.
It is LinkedList destructor.
It is LinkedList destructor.
It is LinkedList destructor.
It is LinkedList destructor.
It is LinkedList destructor.
It is LinkedList destructor.
It is LinkedList destructor.
It is LinkedList destructor.
It is LinkedList destructor.
It is LinkedList destructor.
It is LinkedList destructor.
It is LinkedList destructor.
It is LinkedList destructor.
It is LinkedList destructor.
It is LinkedList destructor.
It is LinkedList destructor.
It is LinkedList destructor.
It is LinkedList destructor.
It is LinkedList destructor.
It is LinkedList destructor.
It is LinkedList destructor.
It is LinkedList destructor.
It is LinkedList destructor.
It is LinkedList destructor.
It is LinkedList destructor.
---after RadixSort---
S = [123, 146, 231, 474, 486, 506, 552, 608, 666, 808]
